INITIALIZED AND RUNNING 'JOE_SERIAL'.


Parsing File 'LD_Input.txt' For Input Data...

WARNING: The 'conductivity' flag is no longer used.  The thermal conductivity is always computed.

Done reading input file.  Outputing stored data to log file for error checking...

VARIABLES
  $a = 5.315e-10

LATTICE = 3
  a1 = 5.315e-10 0 0
  a2 = 0 5.315e-10 0
  a3 = 0 0 5.315e-10
  BC1 = 0
  BC2 = 0
  BC3 = 0
  N1  = 6
  N2  = 6
  N3  = 6
  Volume = 1.50145e-28
  b1 = 1.88147e+09 0 0
  b2 = 0 1.88147e+09 0
  b3 = 0 0 1.88147e+09

MATERIAL = 1
  Ar = 6.63e-26

UNIT_CELL = 4
  Ar  0 0 0
  Ar  2.6575e-10 2.6575e-10 0
  Ar  2.6575e-10 0 2.6575e-10
  Ar  0 2.6575e-10 2.6575e-10

SYMMETRY = 123
  wave_vector = true

PREPROCESS = true
  optimization = 1
  structure    = true
  energy_force = true

DISPERSION = 500
  Begin = 0 0 0
  End = 1.88147e+09 0 0

HARMONIC = true
  frequency = true
  velocity  = true
  evect     = true
  DOS       = true

ANHARMONIC = 2
  continue     = 0
  temperature  = 20
  fs_guess     = 0.02
  lw_guess     = 0.03

POSTPROCESS = true
  TC_beg   = 0
  TC_end   = 0
  data_itr = 1
  data_beg = 0 0 0
  data_inc = 0 0 1
  data_num = 3
  data_fBZ = no_symmetry

POTENTIAL LJ 1 Ar
  epsilon = 1.67e-21 J
  sigma   = 3.4e-10 m
  cutoff  = 8.5e-10 m
  Acutoff = 5.1e-10 m


Optimizing Unit Cell Structure...

Updating atomic positions.

Outputing crystal structure to file 'Structure.xyz'...



Computing Energies and Forces...

Energy and forces on atom 0 = -2.69818e-20 J, 0 0 0
Energy and forces on atom 1 = -2.69818e-20 J, 0 0 0
Energy and forces on atom 2 = -2.69818e-20 J, 0 0 0
Energy and forces on atom 3 = -2.69818e-20 J, 0 0 0


Computing Harmonic Force Constants...

Harmonic force constants for atom 0: N1, N2 = 1, 78
Harmonic force constants for atom 1: N1, N2 = 1, 78
Harmonic force constants for atom 2: N1, N2 = 1, 78
Harmonic force constants for atom 3: N1, N2 = 1, 78


Begining Dispersion Relation Calculation.

Dispersion is 1% complete. k* = < 0.01 0 0 >, |k*| = 0.01
Dispersion is 2% complete. k* = < 0.02 0 0 >, |k*| = 0.02
Dispersion is 3% complete. k* = < 0.03 0 0 >, |k*| = 0.03
Dispersion is 4% complete. k* = < 0.0400001 0 0 >, |k*| = 0.0400001
Dispersion is 5% complete. k* = < 0.0500001 0 0 >, |k*| = 0.0500001
Dispersion is 6% complete. k* = < 0.0600001 0 0 >, |k*| = 0.0600001
Dispersion is 7% complete. k* = < 0.0700001 0 0 >, |k*| = 0.0700001
Dispersion is 8% complete. k* = < 0.0800001 0 0 >, |k*| = 0.0800001
Dispersion is 9% complete. k* = < 0.0900001 0 0 >, |k*| = 0.0900001
Dispersion is 10% complete. k* = < 0.1 0 0 >, |k*| = 0.1
Dispersion is 11% complete. k* = < 0.11 0 0 >, |k*| = 0.11
Dispersion is 12% complete. k* = < 0.12 0 0 >, |k*| = 0.12
Dispersion is 13% complete. k* = < 0.13 0 0 >, |k*| = 0.13
Dispersion is 14% complete. k* = < 0.14 0 0 >, |k*| = 0.14
Dispersion is 15% complete. k* = < 0.15 0 0 >, |k*| = 0.15
Dispersion is 16% complete. k* = < 0.16 0 0 >, |k*| = 0.16
Dispersion is 17% complete. k* = < 0.17 0 0 >, |k*| = 0.17
Dispersion is 18% complete. k* = < 0.18 0 0 >, |k*| = 0.18
Dispersion is 19% complete. k* = < 0.19 0 0 >, |k*| = 0.19
Dispersion is 20% complete. k* = < 0.2 0 0 >, |k*| = 0.2
Dispersion is 21% complete. k* = < 0.21 0 0 >, |k*| = 0.21
Dispersion is 22% complete. k* = < 0.22 0 0 >, |k*| = 0.22
Dispersion is 23% complete. k* = < 0.23 0 0 >, |k*| = 0.23
Dispersion is 24% complete. k* = < 0.24 0 0 >, |k*| = 0.24
Dispersion is 25% complete. k* = < 0.25 0 0 >, |k*| = 0.25
Dispersion is 26% complete. k* = < 0.26 0 0 >, |k*| = 0.26
Dispersion is 27% complete. k* = < 0.27 0 0 >, |k*| = 0.27
Dispersion is 28% complete. k* = < 0.28 0 0 >, |k*| = 0.28
Dispersion is 28% complete. k* = < 0.29 0 0 >, |k*| = 0.29
Dispersion is 30% complete. k* = < 0.3 0 0 >, |k*| = 0.3
Dispersion is 31% complete. k* = < 0.31 0 0 >, |k*| = 0.31
Dispersion is 32% complete. k* = < 0.32 0 0 >, |k*| = 0.32
Dispersion is 33% complete. k* = < 0.33 0 0 >, |k*| = 0.33
Dispersion is 34% complete. k* = < 0.34 0 0 >, |k*| = 0.34
Dispersion is 35% complete. k* = < 0.35 0 0 >, |k*| = 0.35
Dispersion is 36% complete. k* = < 0.36 0 0 >, |k*| = 0.36
Dispersion is 37% complete. k* = < 0.37 0 0 >, |k*| = 0.37
Dispersion is 38% complete. k* = < 0.38 0 0 >, |k*| = 0.38
Dispersion is 39% complete. k* = < 0.390001 0 0 >, |k*| = 0.390001
Dispersion is 40% complete. k* = < 0.400001 0 0 >, |k*| = 0.400001
Dispersion is 41% complete. k* = < 0.410001 0 0 >, |k*| = 0.410001
Dispersion is 42% complete. k* = < 0.420001 0 0 >, |k*| = 0.420001
Dispersion is 43% complete. k* = < 0.430001 0 0 >, |k*| = 0.430001
Dispersion is 44% complete. k* = < 0.440001 0 0 >, |k*| = 0.440001
Dispersion is 45% complete. k* = < 0.450001 0 0 >, |k*| = 0.450001
Dispersion is 46% complete. k* = < 0.460001 0 0 >, |k*| = 0.460001
Dispersion is 47% complete. k* = < 0.470001 0 0 >, |k*| = 0.470001
Dispersion is 48% complete. k* = < 0.480001 0 0 >, |k*| = 0.480001
Dispersion is 49% complete. k* = < 0.490001 0 0 >, |k*| = 0.490001
Dispersion is 50% complete. k* = < 0.500001 0 0 >, |k*| = 0.500001
Dispersion is 51% complete. k* = < 0.510001 0 0 >, |k*| = 0.510001
Dispersion is 52% complete. k* = < 0.520001 0 0 >, |k*| = 0.520001
Dispersion is 53% complete. k* = < 0.530001 0 0 >, |k*| = 0.530001
Dispersion is 54% complete. k* = < 0.540001 0 0 >, |k*| = 0.540001
Dispersion is 55% complete. k* = < 0.550001 0 0 >, |k*| = 0.550001
Dispersion is 56% complete. k* = < 0.560001 0 0 >, |k*| = 0.560001
Dispersion is 56% complete. k* = < 0.570001 0 0 >, |k*| = 0.570001
Dispersion is 57% complete. k* = < 0.580001 0 0 >, |k*| = 0.580001
Dispersion is 59% complete. k* = < 0.590001 0 0 >, |k*| = 0.590001
Dispersion is 60% complete. k* = < 0.600001 0 0 >, |k*| = 0.600001
Dispersion is 61% complete. k* = < 0.610001 0 0 >, |k*| = 0.610001
Dispersion is 62% complete. k* = < 0.620001 0 0 >, |k*| = 0.620001
Dispersion is 63% complete. k* = < 0.630001 0 0 >, |k*| = 0.630001
Dispersion is 64% complete. k* = < 0.640001 0 0 >, |k*| = 0.640001
Dispersion is 65% complete. k* = < 0.650001 0 0 >, |k*| = 0.650001
Dispersion is 66% complete. k* = < 0.660001 0 0 >, |k*| = 0.660001
Dispersion is 67% complete. k* = < 0.670001 0 0 >, |k*| = 0.670001
Dispersion is 68% complete. k* = < 0.680001 0 0 >, |k*| = 0.680001
Dispersion is 69% complete. k* = < 0.690001 0 0 >, |k*| = 0.690001
Dispersion is 70% complete. k* = < 0.700001 0 0 >, |k*| = 0.700001
Dispersion is 71% complete. k* = < 0.710001 0 0 >, |k*| = 0.710001
Dispersion is 72% complete. k* = < 0.720001 0 0 >, |k*| = 0.720001
Dispersion is 73% complete. k* = < 0.730001 0 0 >, |k*| = 0.730001
Dispersion is 74% complete. k* = < 0.740001 0 0 >, |k*| = 0.740001
Dispersion is 75% complete. k* = < 0.750001 0 0 >, |k*| = 0.750001
Dispersion is 76% complete. k* = < 0.760001 0 0 >, |k*| = 0.760001
Dispersion is 77% complete. k* = < 0.770001 0 0 >, |k*| = 0.770001
Dispersion is 78% complete. k* = < 0.780001 0 0 >, |k*| = 0.780001
Dispersion is 79% complete. k* = < 0.790001 0 0 >, |k*| = 0.790001
Dispersion is 80% complete. k* = < 0.800001 0 0 >, |k*| = 0.800001
Dispersion is 81% complete. k* = < 0.810001 0 0 >, |k*| = 0.810001
Dispersion is 82% complete. k* = < 0.820001 0 0 >, |k*| = 0.820001
Dispersion is 83% complete. k* = < 0.830001 0 0 >, |k*| = 0.830001
Dispersion is 84% complete. k* = < 0.840001 0 0 >, |k*| = 0.840001
Dispersion is 85% complete. k* = < 0.850001 0 0 >, |k*| = 0.850001
Dispersion is 86% complete. k* = < 0.860001 0 0 >, |k*| = 0.860001
Dispersion is 87% complete. k* = < 0.870001 0 0 >, |k*| = 0.870001
Dispersion is 88% complete. k* = < 0.880001 0 0 >, |k*| = 0.880001
Dispersion is 89% complete. k* = < 0.890001 0 0 >, |k*| = 0.890001
Dispersion is 90% complete. k* = < 0.900001 0 0 >, |k*| = 0.900001
Dispersion is 91% complete. k* = < 0.910001 0 0 >, |k*| = 0.910001
Dispersion is 92% complete. k* = < 0.920001 0 0 >, |k*| = 0.920001
Dispersion is 93% complete. k* = < 0.930001 0 0 >, |k*| = 0.930001
Dispersion is 94% complete. k* = < 0.940001 0 0 >, |k*| = 0.940001
Dispersion is 95% complete. k* = < 0.950001 0 0 >, |k*| = 0.950001
Dispersion is 96% complete. k* = < 0.960001 0 0 >, |k*| = 0.960001
Dispersion is 97% complete. k* = < 0.970001 0 0 >, |k*| = 0.970001
Dispersion is 98% complete. k* = < 0.980001 0 0 >, |k*| = 0.980001
Dispersion is 99% complete. k* = < 0.990001 0 0 >, |k*| = 0.990001
Dispersion is 100% complete. k* = < 1 0 0 >, |k*| = 1


Beginning Harmonic Calculation of Frequency, Velocity, Eigenvector.

Harmonic Calculation is 1 % Complete.  24 of 1848 waves calculated.
Harmonic Calculation is 2 % Complete.  48 of 1848 waves calculated.
Harmonic Calculation is 3 % Complete.  60 of 1848 waves calculated.
Harmonic Calculation is 4 % Complete.  84 of 1848 waves calculated.
Harmonic Calculation is 5 % Complete.  96 of 1848 waves calculated.
Harmonic Calculation is 6 % Complete.  120 of 1848 waves calculated.
Harmonic Calculation is 7 % Complete.  132 of 1848 waves calculated.
Harmonic Calculation is 8 % Complete.  156 of 1848 waves calculated.
Harmonic Calculation is 9 % Complete.  168 of 1848 waves calculated.
Harmonic Calculation is 10 % Complete.  192 of 1848 waves calculated.
Harmonic Calculation is 11 % Complete.  204 of 1848 waves calculated.
Harmonic Calculation is 12 % Complete.  228 of 1848 waves calculated.
Harmonic Calculation is 13 % Complete.  252 of 1848 waves calculated.
Harmonic Calculation is 14 % Complete.  264 of 1848 waves calculated.
Harmonic Calculation is 15 % Complete.  288 of 1848 waves calculated.
Harmonic Calculation is 16 % Complete.  300 of 1848 waves calculated.
Harmonic Calculation is 17 % Complete.  324 of 1848 waves calculated.
Harmonic Calculation is 18 % Complete.  336 of 1848 waves calculated.
Harmonic Calculation is 19 % Complete.  360 of 1848 waves calculated.
Harmonic Calculation is 20 % Complete.  372 of 1848 waves calculated.
Harmonic Calculation is 21 % Complete.  396 of 1848 waves calculated.
Harmonic Calculation is 22 % Complete.  408 of 1848 waves calculated.
Harmonic Calculation is 23 % Complete.  432 of 1848 waves calculated.
Harmonic Calculation is 24 % Complete.  444 of 1848 waves calculated.
Harmonic Calculation is 25 % Complete.  468 of 1848 waves calculated.
Harmonic Calculation is 26 % Complete.  492 of 1848 waves calculated.
Harmonic Calculation is 27 % Complete.  504 of 1848 waves calculated.
Harmonic Calculation is 28 % Complete.  528 of 1848 waves calculated.
Harmonic Calculation is 29 % Complete.  540 of 1848 waves calculated.
Harmonic Calculation is 30 % Complete.  564 of 1848 waves calculated.
Harmonic Calculation is 31 % Complete.  576 of 1848 waves calculated.
Harmonic Calculation is 32 % Complete.  600 of 1848 waves calculated.
Harmonic Calculation is 33 % Complete.  612 of 1848 waves calculated.
Harmonic Calculation is 34 % Complete.  636 of 1848 waves calculated.
Harmonic Calculation is 35 % Complete.  648 of 1848 waves calculated.
Harmonic Calculation is 36 % Complete.  672 of 1848 waves calculated.
Harmonic Calculation is 37 % Complete.  684 of 1848 waves calculated.
Harmonic Calculation is 38 % Complete.  708 of 1848 waves calculated.
Harmonic Calculation is 39 % Complete.  732 of 1848 waves calculated.
Harmonic Calculation is 40 % Complete.  744 of 1848 waves calculated.
Harmonic Calculation is 41 % Complete.  768 of 1848 waves calculated.
Harmonic Calculation is 42 % Complete.  780 of 1848 waves calculated.
Harmonic Calculation is 43 % Complete.  804 of 1848 waves calculated.
Harmonic Calculation is 44 % Complete.  816 of 1848 waves calculated.
Harmonic Calculation is 45 % Complete.  840 of 1848 waves calculated.
Harmonic Calculation is 46 % Complete.  852 of 1848 waves calculated.
Harmonic Calculation is 47 % Complete.  876 of 1848 waves calculated.
Harmonic Calculation is 48 % Complete.  888 of 1848 waves calculated.
Harmonic Calculation is 49 % Complete.  912 of 1848 waves calculated.
Harmonic Calculation is 50 % Complete.  924 of 1848 waves calculated.
Harmonic Calculation is 51 % Complete.  948 of 1848 waves calculated.
Harmonic Calculation is 52 % Complete.  972 of 1848 waves calculated.
Harmonic Calculation is 53 % Complete.  984 of 1848 waves calculated.
Harmonic Calculation is 54 % Complete.  1008 of 1848 waves calculated.
Harmonic Calculation is 55 % Complete.  1020 of 1848 waves calculated.
Harmonic Calculation is 56 % Complete.  1044 of 1848 waves calculated.
Harmonic Calculation is 57 % Complete.  1056 of 1848 waves calculated.
Harmonic Calculation is 58 % Complete.  1080 of 1848 waves calculated.
Harmonic Calculation is 59 % Complete.  1092 of 1848 waves calculated.
Harmonic Calculation is 60 % Complete.  1116 of 1848 waves calculated.
Harmonic Calculation is 61 % Complete.  1128 of 1848 waves calculated.
Harmonic Calculation is 62 % Complete.  1152 of 1848 waves calculated.
Harmonic Calculation is 63 % Complete.  1176 of 1848 waves calculated.
Harmonic Calculation is 64 % Complete.  1188 of 1848 waves calculated.
Harmonic Calculation is 65 % Complete.  1212 of 1848 waves calculated.
Harmonic Calculation is 66 % Complete.  1224 of 1848 waves calculated.
Harmonic Calculation is 67 % Complete.  1248 of 1848 waves calculated.
Harmonic Calculation is 68 % Complete.  1260 of 1848 waves calculated.
Harmonic Calculation is 69 % Complete.  1284 of 1848 waves calculated.
Harmonic Calculation is 70 % Complete.  1296 of 1848 waves calculated.
Harmonic Calculation is 71 % Complete.  1320 of 1848 waves calculated.
Harmonic Calculation is 72 % Complete.  1332 of 1848 waves calculated.
Harmonic Calculation is 73 % Complete.  1356 of 1848 waves calculated.
Harmonic Calculation is 74 % Complete.  1368 of 1848 waves calculated.
Harmonic Calculation is 75 % Complete.  1392 of 1848 waves calculated.
Harmonic Calculation is 76 % Complete.  1416 of 1848 waves calculated.
Harmonic Calculation is 77 % Complete.  1428 of 1848 waves calculated.
Harmonic Calculation is 78 % Complete.  1452 of 1848 waves calculated.
Harmonic Calculation is 79 % Complete.  1464 of 1848 waves calculated.
Harmonic Calculation is 80 % Complete.  1488 of 1848 waves calculated.
Harmonic Calculation is 81 % Complete.  1500 of 1848 waves calculated.
Harmonic Calculation is 82 % Complete.  1524 of 1848 waves calculated.
Harmonic Calculation is 83 % Complete.  1536 of 1848 waves calculated.
Harmonic Calculation is 84 % Complete.  1560 of 1848 waves calculated.
Harmonic Calculation is 85 % Complete.  1572 of 1848 waves calculated.
Harmonic Calculation is 86 % Complete.  1596 of 1848 waves calculated.
Harmonic Calculation is 87 % Complete.  1608 of 1848 waves calculated.
Harmonic Calculation is 88 % Complete.  1632 of 1848 waves calculated.
Harmonic Calculation is 89 % Complete.  1656 of 1848 waves calculated.
Harmonic Calculation is 90 % Complete.  1668 of 1848 waves calculated.
Harmonic Calculation is 91 % Complete.  1692 of 1848 waves calculated.
Harmonic Calculation is 92 % Complete.  1704 of 1848 waves calculated.
Harmonic Calculation is 93 % Complete.  1728 of 1848 waves calculated.
Harmonic Calculation is 94 % Complete.  1740 of 1848 waves calculated.
Harmonic Calculation is 95 % Complete.  1764 of 1848 waves calculated.
Harmonic Calculation is 96 % Complete.  1776 of 1848 waves calculated.
Harmonic Calculation is 97 % Complete.  1800 of 1848 waves calculated.
Harmonic Calculation is 98 % Complete.  1812 of 1848 waves calculated.
Harmonic Calculation is 99 % Complete.  1836 of 1848 waves calculated.
Harmonic Calculation is 100 % Complete.  1848 of 1848 waves calculated.

Computing phonon density of states.


Computing Anharmonic Force Constants...

Anharmonic force constants for atom 0: N1, N2, N3, N4 = 1, 12, 0, 0
Anharmonic force constants for atom 1: N1, N2, N3, N4 = 1, 12, 0, 0
Anharmonic force constants for atom 2: N1, N2, N3, N4 = 1, 12, 0, 0
Anharmonic force constants for atom 3: N1, N2, N3, N4 = 1, 12, 0, 0

Building Files of Initial Guesses...
  For quantum system from harmonic frequencies.
  For classical system from harmonic frequencies.


Computing frequency shift and linewidth (iter 1)...

Anharmonic calculation is 1% complete after 0 minutes.  3 of 240 waves calculated.
Anharmonic calculation is 2% complete after 0 minutes.  5 of 240 waves calculated.
Anharmonic calculation is 3% complete after 0 minutes.  8 of 240 waves calculated.
Anharmonic calculation is 4% complete after 0 minutes.  10 of 240 waves calculated.
Anharmonic calculation is 5% complete after 0 minutes.  12 of 240 waves calculated.
Anharmonic calculation is 6% complete after 0 minutes.  15 of 240 waves calculated.
Anharmonic calculation is 7% complete after 0.0166667 minutes.  17 of 240 waves calculated.
Anharmonic calculation is 8% complete after 0.0166667 minutes.  20 of 240 waves calculated.
Anharmonic calculation is 9% complete after 0.0166667 minutes.  22 of 240 waves calculated.
Anharmonic calculation is 10% complete after 0.0166667 minutes.  24 of 240 waves calculated.
Anharmonic calculation is 11% complete after 0.0166667 minutes.  27 of 240 waves calculated.
Anharmonic calculation is 12% complete after 0.0166667 minutes.  29 of 240 waves calculated.
Anharmonic calculation is 13% complete after 0.0166667 minutes.  32 of 240 waves calculated.
Anharmonic calculation is 14% complete after 0.0166667 minutes.  34 of 240 waves calculated.
Anharmonic calculation is 15% complete after 0.0166667 minutes.  36 of 240 waves calculated.
Anharmonic calculation is 16% complete after 0.0166667 minutes.  39 of 240 waves calculated.
Anharmonic calculation is 17% complete after 0.0333333 minutes.  41 of 240 waves calculated.
Anharmonic calculation is 18% complete after 0.0333333 minutes.  44 of 240 waves calculated.
Anharmonic calculation is 19% complete after 0.0333333 minutes.  46 of 240 waves calculated.
Anharmonic calculation is 20% complete after 0.0333333 minutes.  48 of 240 waves calculated.
Anharmonic calculation is 21% complete after 0.0333333 minutes.  51 of 240 waves calculated.
Anharmonic calculation is 22% complete after 0.0333333 minutes.  53 of 240 waves calculated.
Anharmonic calculation is 23% complete after 0.0333333 minutes.  56 of 240 waves calculated.
Anharmonic calculation is 24% complete after 0.0333333 minutes.  58 of 240 waves calculated.
Anharmonic calculation is 25% complete after 0.0333333 minutes.  60 of 240 waves calculated.
Anharmonic calculation is 26% complete after 0.0333333 minutes.  63 of 240 waves calculated.
Anharmonic calculation is 27% complete after 0.0333333 minutes.  65 of 240 waves calculated.
Anharmonic calculation is 28% complete after 0.05 minutes.  68 of 240 waves calculated.
Anharmonic calculation is 29% complete after 0.05 minutes.  70 of 240 waves calculated.
Anharmonic calculation is 30% complete after 0.05 minutes.  72 of 240 waves calculated.
Anharmonic calculation is 31% complete after 0.05 minutes.  75 of 240 waves calculated.
Anharmonic calculation is 32% complete after 0.05 minutes.  77 of 240 waves calculated.
Anharmonic calculation is 33% complete after 0.05 minutes.  80 of 240 waves calculated.
Anharmonic calculation is 34% complete after 0.05 minutes.  82 of 240 waves calculated.
Anharmonic calculation is 35% complete after 0.05 minutes.  84 of 240 waves calculated.
Anharmonic calculation is 36% complete after 0.05 minutes.  87 of 240 waves calculated.
Anharmonic calculation is 37% complete after 0.05 minutes.  89 of 240 waves calculated.
Anharmonic calculation is 38% complete after 0.05 minutes.  92 of 240 waves calculated.
Anharmonic calculation is 39% complete after 0.05 minutes.  94 of 240 waves calculated.
Anharmonic calculation is 40% complete after 0.0666667 minutes.  96 of 240 waves calculated.
Anharmonic calculation is 41% complete after 0.0666667 minutes.  99 of 240 waves calculated.
Anharmonic calculation is 42% complete after 0.0666667 minutes.  101 of 240 waves calculated.
Anharmonic calculation is 43% complete after 0.0666667 minutes.  104 of 240 waves calculated.
Anharmonic calculation is 44% complete after 0.0666667 minutes.  106 of 240 waves calculated.
Anharmonic calculation is 45% complete after 0.0666667 minutes.  108 of 240 waves calculated.
Anharmonic calculation is 46% complete after 0.0666667 minutes.  111 of 240 waves calculated.
Anharmonic calculation is 47% complete after 0.0666667 minutes.  113 of 240 waves calculated.
Anharmonic calculation is 48% complete after 0.0666667 minutes.  116 of 240 waves calculated.
Anharmonic calculation is 49% complete after 0.0666667 minutes.  118 of 240 waves calculated.
Anharmonic calculation is 50% complete after 0.0666667 minutes.  120 of 240 waves calculated.
Anharmonic calculation is 51% complete after 0.0833333 minutes.  123 of 240 waves calculated.
Anharmonic calculation is 52% complete after 0.0833333 minutes.  125 of 240 waves calculated.
Anharmonic calculation is 53% complete after 0.0833333 minutes.  128 of 240 waves calculated.
Anharmonic calculation is 54% complete after 0.0833333 minutes.  130 of 240 waves calculated.
Anharmonic calculation is 55% complete after 0.0833333 minutes.  132 of 240 waves calculated.
Anharmonic calculation is 56% complete after 0.0833333 minutes.  135 of 240 waves calculated.
Anharmonic calculation is 57% complete after 0.0833333 minutes.  137 of 240 waves calculated.
Anharmonic calculation is 58% complete after 0.0833333 minutes.  140 of 240 waves calculated.
Anharmonic calculation is 59% complete after 0.0833333 minutes.  142 of 240 waves calculated.
Anharmonic calculation is 60% complete after 0.0833333 minutes.  144 of 240 waves calculated.
Anharmonic calculation is 61% complete after 0.0833333 minutes.  147 of 240 waves calculated.
Anharmonic calculation is 62% complete after 0.0833333 minutes.  149 of 240 waves calculated.
Anharmonic calculation is 63% complete after 0.0833333 minutes.  152 of 240 waves calculated.
Anharmonic calculation is 64% complete after 0.0833333 minutes.  154 of 240 waves calculated.
Anharmonic calculation is 65% complete after 0.1 minutes.  156 of 240 waves calculated.
Anharmonic calculation is 66% complete after 0.1 minutes.  159 of 240 waves calculated.
Anharmonic calculation is 67% complete after 0.1 minutes.  161 of 240 waves calculated.
Anharmonic calculation is 68% complete after 0.1 minutes.  164 of 240 waves calculated.
Anharmonic calculation is 69% complete after 0.1 minutes.  166 of 240 waves calculated.
Anharmonic calculation is 70% complete after 0.1 minutes.  168 of 240 waves calculated.
Anharmonic calculation is 71% complete after 0.1 minutes.  171 of 240 waves calculated.
Anharmonic calculation is 72% complete after 0.1 minutes.  173 of 240 waves calculated.
Anharmonic calculation is 73% complete after 0.1 minutes.  176 of 240 waves calculated.
Anharmonic calculation is 74% complete after 0.1 minutes.  178 of 240 waves calculated.
Anharmonic calculation is 75% complete after 0.1 minutes.  180 of 240 waves calculated.
Anharmonic calculation is 76% complete after 0.1 minutes.  183 of 240 waves calculated.
Anharmonic calculation is 77% complete after 0.1 minutes.  185 of 240 waves calculated.
Anharmonic calculation is 78% complete after 0.1 minutes.  188 of 240 waves calculated.
Anharmonic calculation is 79% complete after 0.116667 minutes.  190 of 240 waves calculated.
Anharmonic calculation is 80% complete after 0.116667 minutes.  192 of 240 waves calculated.
Anharmonic calculation is 81% complete after 0.116667 minutes.  195 of 240 waves calculated.
Anharmonic calculation is 82% complete after 0.116667 minutes.  197 of 240 waves calculated.
Anharmonic calculation is 83% complete after 0.116667 minutes.  200 of 240 waves calculated.
Anharmonic calculation is 84% complete after 0.116667 minutes.  202 of 240 waves calculated.
Anharmonic calculation is 85% complete after 0.116667 minutes.  204 of 240 waves calculated.
Anharmonic calculation is 86% complete after 0.116667 minutes.  207 of 240 waves calculated.
Anharmonic calculation is 87% complete after 0.116667 minutes.  209 of 240 waves calculated.
Anharmonic calculation is 88% complete after 0.116667 minutes.  212 of 240 waves calculated.
Anharmonic calculation is 89% complete after 0.116667 minutes.  214 of 240 waves calculated.
Anharmonic calculation is 90% complete after 0.116667 minutes.  216 of 240 waves calculated.
Anharmonic calculation is 91% complete after 0.116667 minutes.  219 of 240 waves calculated.
Anharmonic calculation is 92% complete after 0.116667 minutes.  221 of 240 waves calculated.
Anharmonic calculation is 93% complete after 0.133333 minutes.  224 of 240 waves calculated.
Anharmonic calculation is 94% complete after 0.133333 minutes.  226 of 240 waves calculated.
Anharmonic calculation is 95% complete after 0.133333 minutes.  228 of 240 waves calculated.
Anharmonic calculation is 96% complete after 0.133333 minutes.  231 of 240 waves calculated.
Anharmonic calculation is 97% complete after 0.133333 minutes.  233 of 240 waves calculated.
Anharmonic calculation is 98% complete after 0.133333 minutes.  236 of 240 waves calculated.
Anharmonic calculation is 99% complete after 0.133333 minutes.  238 of 240 waves calculated.
Anharmonic calculation is 100% complete after 0.133333 minutes.  240 of 240 waves calculated.

Computing thermal conductivity (iter 1)...


Computing frequency shift and linewidth (iter 2)...

Anharmonic calculation is 1% complete after 0 minutes.  3 of 240 waves calculated.
Anharmonic calculation is 2% complete after 0 minutes.  5 of 240 waves calculated.
Anharmonic calculation is 3% complete after 0 minutes.  8 of 240 waves calculated.
Anharmonic calculation is 4% complete after 0 minutes.  10 of 240 waves calculated.
Anharmonic calculation is 5% complete after 0.0166667 minutes.  12 of 240 waves calculated.
Anharmonic calculation is 6% complete after 0.0166667 minutes.  15 of 240 waves calculated.
Anharmonic calculation is 7% complete after 0.0166667 minutes.  17 of 240 waves calculated.
Anharmonic calculation is 8% complete after 0.0166667 minutes.  20 of 240 waves calculated.
Anharmonic calculation is 9% complete after 0.0166667 minutes.  22 of 240 waves calculated.
Anharmonic calculation is 10% complete after 0.0166667 minutes.  24 of 240 waves calculated.
Anharmonic calculation is 11% complete after 0.0166667 minutes.  27 of 240 waves calculated.
Anharmonic calculation is 12% complete after 0.0166667 minutes.  29 of 240 waves calculated.
Anharmonic calculation is 13% complete after 0.0166667 minutes.  32 of 240 waves calculated.
Anharmonic calculation is 14% complete after 0.0166667 minutes.  34 of 240 waves calculated.
Anharmonic calculation is 15% complete after 0.0166667 minutes.  36 of 240 waves calculated.
Anharmonic calculation is 16% complete after 0.0333333 minutes.  39 of 240 waves calculated.
Anharmonic calculation is 17% complete after 0.0333333 minutes.  41 of 240 waves calculated.
Anharmonic calculation is 18% complete after 0.0333333 minutes.  44 of 240 waves calculated.
Anharmonic calculation is 19% complete after 0.0333333 minutes.  46 of 240 waves calculated.
Anharmonic calculation is 20% complete after 0.0333333 minutes.  48 of 240 waves calculated.
Anharmonic calculation is 21% complete after 0.0333333 minutes.  51 of 240 waves calculated.
Anharmonic calculation is 22% complete after 0.0333333 minutes.  53 of 240 waves calculated.
Anharmonic calculation is 23% complete after 0.0333333 minutes.  56 of 240 waves calculated.
Anharmonic calculation is 24% complete after 0.0333333 minutes.  58 of 240 waves calculated.
Anharmonic calculation is 25% complete after 0.0333333 minutes.  60 of 240 waves calculated.
Anharmonic calculation is 26% complete after 0.0333333 minutes.  63 of 240 waves calculated.
Anharmonic calculation is 27% complete after 0.05 minutes.  65 of 240 waves calculated.
Anharmonic calculation is 28% complete after 0.05 minutes.  68 of 240 waves calculated.
Anharmonic calculation is 29% complete after 0.05 minutes.  70 of 240 waves calculated.
Anharmonic calculation is 30% complete after 0.05 minutes.  72 of 240 waves calculated.
Anharmonic calculation is 31% complete after 0.05 minutes.  75 of 240 waves calculated.
Anharmonic calculation is 32% complete after 0.05 minutes.  77 of 240 waves calculated.
Anharmonic calculation is 33% complete after 0.05 minutes.  80 of 240 waves calculated.
Anharmonic calculation is 34% complete after 0.05 minutes.  82 of 240 waves calculated.
Anharmonic calculation is 35% complete after 0.05 minutes.  84 of 240 waves calculated.
Anharmonic calculation is 36% complete after 0.05 minutes.  87 of 240 waves calculated.
Anharmonic calculation is 37% complete after 0.05 minutes.  89 of 240 waves calculated.
Anharmonic calculation is 38% complete after 0.0666667 minutes.  92 of 240 waves calculated.
Anharmonic calculation is 39% complete after 0.0666667 minutes.  94 of 240 waves calculated.
Anharmonic calculation is 40% complete after 0.0666667 minutes.  96 of 240 waves calculated.
Anharmonic calculation is 41% complete after 0.0666667 minutes.  99 of 240 waves calculated.
Anharmonic calculation is 42% complete after 0.0666667 minutes.  101 of 240 waves calculated.
Anharmonic calculation is 43% complete after 0.0666667 minutes.  104 of 240 waves calculated.
Anharmonic calculation is 44% complete after 0.0666667 minutes.  106 of 240 waves calculated.
Anharmonic calculation is 45% complete after 0.0666667 minutes.  108 of 240 waves calculated.
Anharmonic calculation is 46% complete after 0.0666667 minutes.  111 of 240 waves calculated.
Anharmonic calculation is 47% complete after 0.0666667 minutes.  113 of 240 waves calculated.
Anharmonic calculation is 48% complete after 0.0666667 minutes.  116 of 240 waves calculated.
Anharmonic calculation is 49% complete after 0.0833333 minutes.  118 of 240 waves calculated.
Anharmonic calculation is 50% complete after 0.0833333 minutes.  120 of 240 waves calculated.
Anharmonic calculation is 51% complete after 0.0833333 minutes.  123 of 240 waves calculated.
Anharmonic calculation is 52% complete after 0.0833333 minutes.  125 of 240 waves calculated.
Anharmonic calculation is 53% complete after 0.0833333 minutes.  128 of 240 waves calculated.
Anharmonic calculation is 54% complete after 0.0833333 minutes.  130 of 240 waves calculated.
Anharmonic calculation is 55% complete after 0.0833333 minutes.  132 of 240 waves calculated.
Anharmonic calculation is 56% complete after 0.0833333 minutes.  135 of 240 waves calculated.
Anharmonic calculation is 57% complete after 0.0833333 minutes.  137 of 240 waves calculated.
Anharmonic calculation is 58% complete after 0.0833333 minutes.  140 of 240 waves calculated.
Anharmonic calculation is 59% complete after 0.0833333 minutes.  142 of 240 waves calculated.
Anharmonic calculation is 60% complete after 0.0833333 minutes.  144 of 240 waves calculated.
Anharmonic calculation is 61% complete after 0.0833333 minutes.  147 of 240 waves calculated.
Anharmonic calculation is 62% complete after 0.0833333 minutes.  149 of 240 waves calculated.
Anharmonic calculation is 63% complete after 0.1 minutes.  152 of 240 waves calculated.
Anharmonic calculation is 64% complete after 0.1 minutes.  154 of 240 waves calculated.
Anharmonic calculation is 65% complete after 0.1 minutes.  156 of 240 waves calculated.
Anharmonic calculation is 66% complete after 0.1 minutes.  159 of 240 waves calculated.
Anharmonic calculation is 67% complete after 0.1 minutes.  161 of 240 waves calculated.
Anharmonic calculation is 68% complete after 0.1 minutes.  164 of 240 waves calculated.
Anharmonic calculation is 69% complete after 0.1 minutes.  166 of 240 waves calculated.
Anharmonic calculation is 70% complete after 0.1 minutes.  168 of 240 waves calculated.
Anharmonic calculation is 71% complete after 0.1 minutes.  171 of 240 waves calculated.
Anharmonic calculation is 72% complete after 0.1 minutes.  173 of 240 waves calculated.
Anharmonic calculation is 73% complete after 0.1 minutes.  176 of 240 waves calculated.
Anharmonic calculation is 74% complete after 0.1 minutes.  178 of 240 waves calculated.
Anharmonic calculation is 75% complete after 0.1 minutes.  180 of 240 waves calculated.
Anharmonic calculation is 76% complete after 0.116667 minutes.  183 of 240 waves calculated.
Anharmonic calculation is 77% complete after 0.116667 minutes.  185 of 240 waves calculated.
Anharmonic calculation is 78% complete after 0.116667 minutes.  188 of 240 waves calculated.
Anharmonic calculation is 79% complete after 0.116667 minutes.  190 of 240 waves calculated.
Anharmonic calculation is 80% complete after 0.116667 minutes.  192 of 240 waves calculated.
Anharmonic calculation is 81% complete after 0.116667 minutes.  195 of 240 waves calculated.
Anharmonic calculation is 82% complete after 0.116667 minutes.  197 of 240 waves calculated.
Anharmonic calculation is 83% complete after 0.116667 minutes.  200 of 240 waves calculated.
Anharmonic calculation is 84% complete after 0.116667 minutes.  202 of 240 waves calculated.
Anharmonic calculation is 85% complete after 0.116667 minutes.  204 of 240 waves calculated.
Anharmonic calculation is 86% complete after 0.116667 minutes.  207 of 240 waves calculated.
Anharmonic calculation is 87% complete after 0.116667 minutes.  209 of 240 waves calculated.
Anharmonic calculation is 88% complete after 0.116667 minutes.  212 of 240 waves calculated.
Anharmonic calculation is 89% complete after 0.116667 minutes.  214 of 240 waves calculated.
Anharmonic calculation is 90% complete after 0.116667 minutes.  216 of 240 waves calculated.
Anharmonic calculation is 91% complete after 0.133333 minutes.  219 of 240 waves calculated.
Anharmonic calculation is 92% complete after 0.133333 minutes.  221 of 240 waves calculated.
Anharmonic calculation is 93% complete after 0.133333 minutes.  224 of 240 waves calculated.
Anharmonic calculation is 94% complete after 0.133333 minutes.  226 of 240 waves calculated.
Anharmonic calculation is 95% complete after 0.133333 minutes.  228 of 240 waves calculated.
Anharmonic calculation is 96% complete after 0.133333 minutes.  231 of 240 waves calculated.
Anharmonic calculation is 97% complete after 0.133333 minutes.  233 of 240 waves calculated.
Anharmonic calculation is 98% complete after 0.133333 minutes.  236 of 240 waves calculated.
Anharmonic calculation is 99% complete after 0.133333 minutes.  238 of 240 waves calculated.
Anharmonic calculation is 100% complete after 0.133333 minutes.  240 of 240 waves calculated.

Computing thermal conductivity (iter 2)...



Printing Data Along Specified Direction and/or For Full BZ

# PE = 1
Total Run Time = 0 d  0 h  0 m  17 s.
