INITIALIZED AND RUNNING './Test_Machine'.


Parsing File 'LD_Input.txt' For Input Data...


Done reading input file.  Outputing stored data to log file for error checking...

VARIABLES
  $eV_J = 1.60218e-19
  $a = 5.43e-10
  $Si_mass = 4.66428e-26
  $Si_epsilon = 3.47393e-19
  $Si_sigma = 2.0951e-10

LATTICE = 3
  a1 = 2.715e-10 2.715e-10 0
  a2 = 0 2.715e-10 2.715e-10
  a3 = 2.715e-10 0 2.715e-10
  BC1 = 0
  BC2 = 0
  BC3 = 0
  N1  = 21
  N2  = 21
  N3  = 21
  Volume = 4.00258e-29
  b1 = 1.84162e+09 1.84162e+09 -1.84162e+09
  b2 = -1.84162e+09 1.84162e+09 1.84162e+09
  b3 = 1.84162e+09 -1.84162e+09 1.84162e+09

MATERIAL = 1
  Si = 4.66428e-26

UNIT_CELL = 2
  Si  0 0 0
  Si  1.3575e-10 1.3575e-10 1.3575e-10

SYMMETRY = 1
  wave_vector = false

PREPROCESS = true
  optimization = 0
  structure    = false

DISPERSION = 100
  Begin = 0 0 0
  End = 1.84162e+09 0 0

HARMONIC = true

ANHARMONIC = 3
  continue     = 0
  temperature  = 300
  fs_guess     = -0.0015
  lw_guess     = 0.001

POSTPROCESS = true
  TC_beg   = 0
  TC_end   = 0
  data_itr = 3
  data_beg = 0 0 0
  data_inc = 0 0 1
  data_num = 10
  data_fBZ = no_symmetry

POTENTIAL SW2 1 Si
  epsilon = 3.47393e-19 J
  sigma   = 2.0951e-10 m
  a       = 1.8  
  A       = 7.04956  
  B       = 0.602225  
  p       = 4  
  q       = 0

POTENTIAL SW3 1 Si
  epsilon = 3.47393e-19 J  %for Si at center
  sigma   = 2.0951e-10 m
  a       = 1.8  
  gamma   = 1.2 
  lambda  = 21  %for Si at center


Computing Energies and Forces...

Energy and forces on atom 0 = -8.3804e-10 J, 0 0 0
Energy and forces on atom 1 = -8.3804e-10 J, 0 0 0


Computing Harmonic Force Constants...

Harmonic force constants for atom 0: N1, N2 = 1, 16
Harmonic force constants for atom 1: N1, N2 = 1, 16


Begining Dispersion Relation Calculation.

Dispersion is 1% complete. k* = < 0.005 0 0.005 >, |k*| = 0.00707107
Dispersion is 2% complete. k* = < 0.01 0 0.01 >, |k*| = 0.0141421
Dispersion is 3% complete. k* = < 0.015 0 0.015 >, |k*| = 0.0212132
Dispersion is 4% complete. k* = < 0.02 0 0.02 >, |k*| = 0.0282843
Dispersion is 5% complete. k* = < 0.025 0 0.025 >, |k*| = 0.0353553
Dispersion is 6% complete. k* = < 0.03 0 0.03 >, |k*| = 0.0424264
Dispersion is 7% complete. k* = < 0.035 0 0.035 >, |k*| = 0.0494975
Dispersion is 8% complete. k* = < 0.04 0 0.04 >, |k*| = 0.0565685
Dispersion is 9% complete. k* = < 0.045 0 0.045 >, |k*| = 0.0636396
Dispersion is 10% complete. k* = < 0.05 0 0.05 >, |k*| = 0.0707107
Dispersion is 11% complete. k* = < 0.055 0 0.055 >, |k*| = 0.0777817
Dispersion is 12% complete. k* = < 0.06 0 0.06 >, |k*| = 0.0848528
Dispersion is 13% complete. k* = < 0.065 0 0.065 >, |k*| = 0.0919239
Dispersion is 14% complete. k* = < 0.07 0 0.07 >, |k*| = 0.0989949
Dispersion is 15% complete. k* = < 0.075 0 0.075 >, |k*| = 0.106066
Dispersion is 16% complete. k* = < 0.08 0 0.08 >, |k*| = 0.113137
Dispersion is 17% complete. k* = < 0.085 0 0.085 >, |k*| = 0.120208
Dispersion is 18% complete. k* = < 0.09 0 0.09 >, |k*| = 0.127279
Dispersion is 19% complete. k* = < 0.095 0 0.095 >, |k*| = 0.13435
Dispersion is 20% complete. k* = < 0.1 0 0.1 >, |k*| = 0.141421
Dispersion is 21% complete. k* = < 0.105 0 0.105 >, |k*| = 0.148492
Dispersion is 22% complete. k* = < 0.11 0 0.11 >, |k*| = 0.155563
Dispersion is 23% complete. k* = < 0.115 0 0.115 >, |k*| = 0.162635
Dispersion is 24% complete. k* = < 0.12 0 0.12 >, |k*| = 0.169706
Dispersion is 25% complete. k* = < 0.125 0 0.125 >, |k*| = 0.176777
Dispersion is 26% complete. k* = < 0.13 0 0.13 >, |k*| = 0.183848
Dispersion is 27% complete. k* = < 0.135 0 0.135 >, |k*| = 0.190919
Dispersion is 28% complete. k* = < 0.14 0 0.14 >, |k*| = 0.19799
Dispersion is 28% complete. k* = < 0.145 0 0.145 >, |k*| = 0.205061
Dispersion is 30% complete. k* = < 0.15 0 0.15 >, |k*| = 0.212132
Dispersion is 31% complete. k* = < 0.155 0 0.155 >, |k*| = 0.219203
Dispersion is 32% complete. k* = < 0.16 0 0.16 >, |k*| = 0.226274
Dispersion is 33% complete. k* = < 0.165 0 0.165 >, |k*| = 0.233345
Dispersion is 34% complete. k* = < 0.17 0 0.17 >, |k*| = 0.240416
Dispersion is 35% complete. k* = < 0.175 0 0.175 >, |k*| = 0.247487
Dispersion is 36% complete. k* = < 0.18 0 0.18 >, |k*| = 0.254558
Dispersion is 37% complete. k* = < 0.185 0 0.185 >, |k*| = 0.261629
Dispersion is 38% complete. k* = < 0.19 0 0.19 >, |k*| = 0.2687
Dispersion is 39% complete. k* = < 0.195 0 0.195 >, |k*| = 0.275772
Dispersion is 40% complete. k* = < 0.2 0 0.2 >, |k*| = 0.282843
Dispersion is 41% complete. k* = < 0.205 0 0.205 >, |k*| = 0.289914
Dispersion is 42% complete. k* = < 0.21 0 0.21 >, |k*| = 0.296985
Dispersion is 43% complete. k* = < 0.215 0 0.215 >, |k*| = 0.304056
Dispersion is 44% complete. k* = < 0.22 0 0.22 >, |k*| = 0.311127
Dispersion is 45% complete. k* = < 0.225 0 0.225 >, |k*| = 0.318198
Dispersion is 46% complete. k* = < 0.23 0 0.23 >, |k*| = 0.325269
Dispersion is 47% complete. k* = < 0.235 0 0.235 >, |k*| = 0.33234
Dispersion is 48% complete. k* = < 0.24 0 0.24 >, |k*| = 0.339411
Dispersion is 49% complete. k* = < 0.245 0 0.245 >, |k*| = 0.346482
Dispersion is 50% complete. k* = < 0.25 0 0.25 >, |k*| = 0.353553
Dispersion is 51% complete. k* = < 0.255 0 0.255 >, |k*| = 0.360624
Dispersion is 52% complete. k* = < 0.26 0 0.26 >, |k*| = 0.367695
Dispersion is 53% complete. k* = < 0.265 0 0.265 >, |k*| = 0.374766
Dispersion is 54% complete. k* = < 0.27 0 0.27 >, |k*| = 0.381838
Dispersion is 55% complete. k* = < 0.275 0 0.275 >, |k*| = 0.388909
Dispersion is 56% complete. k* = < 0.28 0 0.28 >, |k*| = 0.39598
Dispersion is 56% complete. k* = < 0.285 0 0.285 >, |k*| = 0.403051
Dispersion is 57% complete. k* = < 0.29 0 0.29 >, |k*| = 0.410122
Dispersion is 59% complete. k* = < 0.295 0 0.295 >, |k*| = 0.417193
Dispersion is 60% complete. k* = < 0.3 0 0.3 >, |k*| = 0.424264
Dispersion is 61% complete. k* = < 0.305 0 0.305 >, |k*| = 0.431335
Dispersion is 62% complete. k* = < 0.31 0 0.31 >, |k*| = 0.438406
Dispersion is 63% complete. k* = < 0.315 0 0.315 >, |k*| = 0.445477
Dispersion is 64% complete. k* = < 0.32 0 0.32 >, |k*| = 0.452548
Dispersion is 65% complete. k* = < 0.325 0 0.325 >, |k*| = 0.459619
Dispersion is 66% complete. k* = < 0.33 0 0.33 >, |k*| = 0.46669
Dispersion is 67% complete. k* = < 0.335 0 0.335 >, |k*| = 0.473761
Dispersion is 68% complete. k* = < 0.34 0 0.34 >, |k*| = 0.480832
Dispersion is 69% complete. k* = < 0.345 0 0.345 >, |k*| = 0.487904
Dispersion is 70% complete. k* = < 0.35 0 0.35 >, |k*| = 0.494975
Dispersion is 71% complete. k* = < 0.355 0 0.355 >, |k*| = 0.502046
Dispersion is 72% complete. k* = < 0.36 0 0.36 >, |k*| = 0.509117
Dispersion is 73% complete. k* = < 0.365 0 0.365 >, |k*| = 0.516188
Dispersion is 74% complete. k* = < 0.37 0 0.37 >, |k*| = 0.523259
Dispersion is 75% complete. k* = < 0.375 0 0.375 >, |k*| = 0.53033
Dispersion is 76% complete. k* = < 0.38 0 0.38 >, |k*| = 0.537401
Dispersion is 77% complete. k* = < 0.385 0 0.385 >, |k*| = 0.544472
Dispersion is 78% complete. k* = < 0.39 0 0.39 >, |k*| = 0.551543
Dispersion is 79% complete. k* = < 0.395 0 0.395 >, |k*| = 0.558614
Dispersion is 80% complete. k* = < 0.4 0 0.4 >, |k*| = 0.565685
Dispersion is 81% complete. k* = < 0.405 0 0.405 >, |k*| = 0.572756
Dispersion is 82% complete. k* = < 0.41 0 0.41 >, |k*| = 0.579827
Dispersion is 83% complete. k* = < 0.415 0 0.415 >, |k*| = 0.586898
Dispersion is 84% complete. k* = < 0.42 0 0.42 >, |k*| = 0.593969
Dispersion is 85% complete. k* = < 0.425 0 0.425 >, |k*| = 0.601041
Dispersion is 86% complete. k* = < 0.43 0 0.43 >, |k*| = 0.608112
Dispersion is 87% complete. k* = < 0.435 0 0.435 >, |k*| = 0.615183
Dispersion is 88% complete. k* = < 0.44 0 0.44 >, |k*| = 0.622254
Dispersion is 89% complete. k* = < 0.445 0 0.445 >, |k*| = 0.629325
Dispersion is 90% complete. k* = < 0.45 0 0.45 >, |k*| = 0.636396
Dispersion is 91% complete. k* = < 0.455 0 0.455 >, |k*| = 0.643467
Dispersion is 92% complete. k* = < 0.46 0 0.46 >, |k*| = 0.650538
Dispersion is 93% complete. k* = < 0.465 0 0.465 >, |k*| = 0.657609
Dispersion is 94% complete. k* = < 0.47 0 0.47 >, |k*| = 0.66468
Dispersion is 95% complete. k* = < 0.475 0 0.475 >, |k*| = 0.671751
Dispersion is 96% complete. k* = < 0.48 0 0.48 >, |k*| = 0.678822
Dispersion is 97% complete. k* = < 0.485 0 0.485 >, |k*| = 0.685893
Dispersion is 98% complete. k* = < 0.49 0 0.49 >, |k*| = 0.692964
Dispersion is 99% complete. k* = < 0.495 0 0.495 >, |k*| = 0.700035
Dispersion is 100% complete. k* = < 0.5 0 0.5 >, |k*| = 0.707107


Beginning Density of States and Velocity Calculation. (Using 50 bins)

DOS Calculation is 1 % Complete.  282 of 27786 waves calculated.
DOS Calculation is 2 % Complete.  558 of 27786 waves calculated.
DOS Calculation is 3 % Complete.  834 of 27786 waves calculated.
DOS Calculation is 4 % Complete.  1116 of 27786 waves calculated.
DOS Calculation is 5 % Complete.  1392 of 27786 waves calculated.
DOS Calculation is 6 % Complete.  1668 of 27786 waves calculated.
DOS Calculation is 7 % Complete.  1950 of 27786 waves calculated.
DOS Calculation is 8 % Complete.  2226 of 27786 waves calculated.
DOS Calculation is 9 % Complete.  2502 of 27786 waves calculated.
DOS Calculation is 10 % Complete.  2784 of 27786 waves calculated.
DOS Calculation is 11 % Complete.  3060 of 27786 waves calculated.
DOS Calculation is 12 % Complete.  3336 of 27786 waves calculated.
DOS Calculation is 13 % Complete.  3618 of 27786 waves calculated.
DOS Calculation is 14 % Complete.  3894 of 27786 waves calculated.
DOS Calculation is 15 % Complete.  4170 of 27786 waves calculated.
DOS Calculation is 16 % Complete.  4446 of 27786 waves calculated.
DOS Calculation is 17 % Complete.  4728 of 27786 waves calculated.
DOS Calculation is 18 % Complete.  5004 of 27786 waves calculated.
DOS Calculation is 19 % Complete.  5280 of 27786 waves calculated.
DOS Calculation is 20 % Complete.  5562 of 27786 waves calculated.
DOS Calculation is 21 % Complete.  5838 of 27786 waves calculated.
DOS Calculation is 22 % Complete.  6114 of 27786 waves calculated.
DOS Calculation is 23 % Complete.  6396 of 27786 waves calculated.
DOS Calculation is 24 % Complete.  6672 of 27786 waves calculated.
DOS Calculation is 25 % Complete.  6948 of 27786 waves calculated.
DOS Calculation is 26 % Complete.  7230 of 27786 waves calculated.
DOS Calculation is 27 % Complete.  7506 of 27786 waves calculated.
DOS Calculation is 28 % Complete.  7782 of 27786 waves calculated.
DOS Calculation is 29 % Complete.  8058 of 27786 waves calculated.
DOS Calculation is 30 % Complete.  8340 of 27786 waves calculated.
DOS Calculation is 31 % Complete.  8616 of 27786 waves calculated.
DOS Calculation is 32 % Complete.  8892 of 27786 waves calculated.
DOS Calculation is 33 % Complete.  9174 of 27786 waves calculated.
DOS Calculation is 34 % Complete.  9450 of 27786 waves calculated.
DOS Calculation is 35 % Complete.  9726 of 27786 waves calculated.
DOS Calculation is 36 % Complete.  10008 of 27786 waves calculated.
DOS Calculation is 37 % Complete.  10284 of 27786 waves calculated.
DOS Calculation is 38 % Complete.  10560 of 27786 waves calculated.
DOS Calculation is 39 % Complete.  10842 of 27786 waves calculated.
DOS Calculation is 40 % Complete.  11118 of 27786 waves calculated.
DOS Calculation is 41 % Complete.  11394 of 27786 waves calculated.
DOS Calculation is 42 % Complete.  11676 of 27786 waves calculated.
DOS Calculation is 43 % Complete.  11952 of 27786 waves calculated.
DOS Calculation is 44 % Complete.  12228 of 27786 waves calculated.
DOS Calculation is 45 % Complete.  12504 of 27786 waves calculated.
DOS Calculation is 46 % Complete.  12786 of 27786 waves calculated.
DOS Calculation is 47 % Complete.  13062 of 27786 waves calculated.
DOS Calculation is 48 % Complete.  13338 of 27786 waves calculated.
DOS Calculation is 49 % Complete.  13620 of 27786 waves calculated.
DOS Calculation is 50 % Complete.  13896 of 27786 waves calculated.
DOS Calculation is 51 % Complete.  14172 of 27786 waves calculated.
DOS Calculation is 52 % Complete.  14454 of 27786 waves calculated.
DOS Calculation is 53 % Complete.  14730 of 27786 waves calculated.
DOS Calculation is 54 % Complete.  15006 of 27786 waves calculated.
DOS Calculation is 55 % Complete.  15288 of 27786 waves calculated.
DOS Calculation is 56 % Complete.  15564 of 27786 waves calculated.
DOS Calculation is 57 % Complete.  15840 of 27786 waves calculated.
DOS Calculation is 58 % Complete.  16116 of 27786 waves calculated.
DOS Calculation is 59 % Complete.  16398 of 27786 waves calculated.
DOS Calculation is 60 % Complete.  16674 of 27786 waves calculated.
DOS Calculation is 61 % Complete.  16950 of 27786 waves calculated.
DOS Calculation is 62 % Complete.  17232 of 27786 waves calculated.
DOS Calculation is 63 % Complete.  17508 of 27786 waves calculated.
DOS Calculation is 64 % Complete.  17784 of 27786 waves calculated.
DOS Calculation is 65 % Complete.  18066 of 27786 waves calculated.
DOS Calculation is 66 % Complete.  18342 of 27786 waves calculated.
DOS Calculation is 67 % Complete.  18618 of 27786 waves calculated.
DOS Calculation is 68 % Complete.  18900 of 27786 waves calculated.
DOS Calculation is 69 % Complete.  19176 of 27786 waves calculated.
DOS Calculation is 70 % Complete.  19452 of 27786 waves calculated.
DOS Calculation is 71 % Complete.  19734 of 27786 waves calculated.
DOS Calculation is 72 % Complete.  20010 of 27786 waves calculated.
DOS Calculation is 73 % Complete.  20286 of 27786 waves calculated.
DOS Calculation is 74 % Complete.  20562 of 27786 waves calculated.
DOS Calculation is 75 % Complete.  20844 of 27786 waves calculated.
DOS Calculation is 76 % Complete.  21120 of 27786 waves calculated.
DOS Calculation is 77 % Complete.  21396 of 27786 waves calculated.
DOS Calculation is 78 % Complete.  21678 of 27786 waves calculated.
DOS Calculation is 79 % Complete.  21954 of 27786 waves calculated.
DOS Calculation is 80 % Complete.  22230 of 27786 waves calculated.
DOS Calculation is 81 % Complete.  22512 of 27786 waves calculated.
DOS Calculation is 82 % Complete.  22788 of 27786 waves calculated.
DOS Calculation is 83 % Complete.  23064 of 27786 waves calculated.
DOS Calculation is 84 % Complete.  23346 of 27786 waves calculated.
DOS Calculation is 85 % Complete.  23622 of 27786 waves calculated.
DOS Calculation is 86 % Complete.  23898 of 27786 waves calculated.
DOS Calculation is 87 % Complete.  24174 of 27786 waves calculated.
DOS Calculation is 88 % Complete.  24456 of 27786 waves calculated.
DOS Calculation is 89 % Complete.  24732 of 27786 waves calculated.
DOS Calculation is 90 % Complete.  25008 of 27786 waves calculated.
DOS Calculation is 91 % Complete.  25290 of 27786 waves calculated.
DOS Calculation is 92 % Complete.  25566 of 27786 waves calculated.
DOS Calculation is 93 % Complete.  25842 of 27786 waves calculated.
DOS Calculation is 94 % Complete.  26124 of 27786 waves calculated.
DOS Calculation is 95 % Complete.  26400 of 27786 waves calculated.
DOS Calculation is 96 % Complete.  26676 of 27786 waves calculated.
DOS Calculation is 97 % Complete.  26958 of 27786 waves calculated.
DOS Calculation is 98 % Complete.  27234 of 27786 waves calculated.
DOS Calculation is 99 % Complete.  27510 of 27786 waves calculated.
DOS Calculation is 100 % Complete.  27786 of 27786 waves calculated.


Computing Anharmonic Force Constants...

Anharmonic force constants for atom 0: N1, N2, N3, N4 = 1, 16, 18, 0
Anharmonic force constants for atom 1: N1, N2, N3, N4 = 1, 16, 18, 0

Building Files of Initial Guesses...
  For quantum system from harmonic frequencies.
  For classical system from harmonic frequencies.


Computing frequency shift and linewidth (iter 1)...

