INITIALIZED AND RUNNING './a.out'.


Parsing File 'LD_Input_Si8.txt' For Input Data...


Done reading input file.  Outputing stored data to log file for error checking...

VARIABLES
  $eV_J = 1.60218e-19
  $a = 5.43e-10
  $Si_mass = 4.66428e-26
  $Si_epsilon = 3.47393e-19
  $Si_sigma = 2.0951e-10

LATTICE = 3
  a1 = 5.43e-10 0 0
  a2 = 0 5.43e-10 0
  a3 = 0 0 5.43e-10
  BC1 = 0
  BC2 = 0
  BC3 = 2
  N1  = 1
  N2  = 1
  N3  = 1
  Volume = 1.60103e-28
  b1 = 1.84162e+09 0 0
  b2 = 0 1.84162e+09 0
  b3 = 0 0 1.84162e+09

MATERIAL = 1
  Si = 4.66428e-26

UNIT_CELL = 8
  Si  0 0 0
  Si  2.715e-10 2.715e-10 0
  Si  1.3575e-10 1.3575e-10 1.3575e-10
  Si  4.0725e-10 4.0725e-10 1.3575e-10
  Si  2.715e-10 0 2.715e-10
  Si  0 2.715e-10 2.715e-10
  Si  4.0725e-10 1.3575e-10 4.0725e-10
  Si  1.3575e-10 4.0725e-10 4.0725e-10

SYMMETRY = 123
  wave_vector = false

PREPROCESS = false

DISPERSION = -1
  Begin = 0 0 0
  End = 0 0 0

HARMONIC = true
  frequency = true
  velocity  = true
  evect     = true
  DOS       = true

ANHARMONIC = 0
  continue     = 0
  temperature  = 500
  fs_guess     = -0.0015
  lw_guess     = 0.001

POSTPROCESS = false

POTENTIAL SW2 1 Si
  epsilon = 3.47393e-19 J
  sigma   = 2.0951e-10 m
  a       = 1.8  
  A       = 7.04956  
  B       = 0.602225  
  p       = 4  
  q       = 0

POTENTIAL SW3 1 Si
  epsilon = 3.47393e-19 J  %for Si at center
  sigma   = 2.0951e-10 m
  a       = 1.8  
  gamma   = 1.2 
  lambda  = 21  %for Si at center


Computing Harmonic Force Constants...

Harmonic force constants for atom 0: N1, N2 = 1, 8
Harmonic force constants for atom 1: N1, N2 = 1, 8
Harmonic force constants for atom 2: N1, N2 = 1, 12
Harmonic force constants for atom 3: N1, N2 = 1, 12
Harmonic force constants for atom 4: N1, N2 = 1, 12
Harmonic force constants for atom 5: N1, N2 = 1, 12
Harmonic force constants for atom 6: N1, N2 = 1, 8
Harmonic force constants for atom 7: N1, N2 = 1, 8


Beginning Harmonic Calculation of Frequency, Velocity, Eigenvector.

Harmonic Calculation is 100 % Complete.  24 of 24 waves calculated.

Computing phonon density of states.

# PE = 1
Total Run Time = 0 d  0 h  0 m  0 s.
